
*** Running vivado
    with args -log vga_controller_top.vdi -applog -m64 -product Vivado -messageDb vivado.pb -mode batch -source vga_controller_top.tcl -notrace


****** Vivado v2020.2 (64-bit)
  **** SW Build 3064766 on Wed Nov 18 09:12:47 MST 2020
  **** IP Build 3064653 on Wed Nov 18 14:17:31 MST 2020
    ** Copyright 1986-2020 Xilinx, Inc. All Rights Reserved.

source vga_controller_top.tcl -notrace
Command: link_design -top vga_controller_top -part xc7z020clg400-1
Design is defaulting to srcset: sources_1
Design is defaulting to constrset: constrs_1
INFO: [Device 21-403] Loading part xc7z020clg400-1
INFO: [Project 1-454] Reading design checkpoint '/home/ayhon/Vivado/VGAProject/lab5/Lab 5.gen/sources_1/ip/clk_wiz_0/clk_wiz_0.dcp' for cell 'i_clk_wiz_0'
Netlist sorting complete. Time (s): cpu = 00:00:00 ; elapsed = 00:00:00 . Memory (MB): peak = 2517.273 ; gain = 0.000 ; free physical = 1267 ; free virtual = 21908
INFO: [Netlist 29-17] Analyzing 13 Unisim elements for replacement
INFO: [Netlist 29-28] Unisim Transformation completed in 0 CPU seconds
INFO: [Project 1-479] Netlist was created with Vivado 2020.2
INFO: [Project 1-570] Preparing netlist for logic optimization
Parsing XDC File [/home/ayhon/Vivado/VGAProject/lab5/Lab 5.gen/sources_1/ip/clk_wiz_0/clk_wiz_0_board.xdc] for cell 'i_clk_wiz_0/inst'
Finished Parsing XDC File [/home/ayhon/Vivado/VGAProject/lab5/Lab 5.gen/sources_1/ip/clk_wiz_0/clk_wiz_0_board.xdc] for cell 'i_clk_wiz_0/inst'
Parsing XDC File [/home/ayhon/Vivado/VGAProject/lab5/Lab 5.gen/sources_1/ip/clk_wiz_0/clk_wiz_0.xdc] for cell 'i_clk_wiz_0/inst'
INFO: [Timing 38-35] Done setting XDC timing constraints. [/home/ayhon/Vivado/VGAProject/lab5/Lab 5.gen/sources_1/ip/clk_wiz_0/clk_wiz_0.xdc:57]
INFO: [Timing 38-2] Deriving generated clocks [/home/ayhon/Vivado/VGAProject/lab5/Lab 5.gen/sources_1/ip/clk_wiz_0/clk_wiz_0.xdc:57]
get_clocks: Time (s): cpu = 00:00:06 ; elapsed = 00:00:06 . Memory (MB): peak = 2722.039 ; gain = 148.844 ; free physical = 821 ; free virtual = 21463
Finished Parsing XDC File [/home/ayhon/Vivado/VGAProject/lab5/Lab 5.gen/sources_1/ip/clk_wiz_0/clk_wiz_0.xdc] for cell 'i_clk_wiz_0/inst'
Parsing XDC File [/home/ayhon/Vivado/VGAProject/lab5/constr/PYNQ-Z2_v1.0.xdc]
Finished Parsing XDC File [/home/ayhon/Vivado/VGAProject/lab5/constr/PYNQ-Z2_v1.0.xdc]
INFO: [Opt 31-138] Pushed 0 inverter(s) to 0 load pin(s).
Netlist sorting complete. Time (s): cpu = 00:00:00 ; elapsed = 00:00:00 . Memory (MB): peak = 2722.039 ; gain = 0.000 ; free physical = 821 ; free virtual = 21463
INFO: [Project 1-111] Unisim Transformation Summary:
No Unisim elements were transformed.

10 Infos, 0 Warnings, 0 Critical Warnings and 0 Errors encountered.
link_design completed successfully
link_design: Time (s): cpu = 00:00:11 ; elapsed = 00:00:12 . Memory (MB): peak = 2722.039 ; gain = 213.777 ; free physical = 821 ; free virtual = 21463
Command: opt_design
Attempting to get a license for feature 'Implementation' and/or device 'xc7z020'
INFO: [Common 17-349] Got license for feature 'Implementation' and/or device 'xc7z020'
Running DRC as a precondition to command opt_design

Starting DRC Task
INFO: [DRC 23-27] Running DRC with 8 threads
INFO: [Project 1-461] DRC finished with 0 Errors
INFO: [Project 1-462] Please refer to the DRC report (report_drc) for more information.

Time (s): cpu = 00:00:02 ; elapsed = 00:00:00.89 . Memory (MB): peak = 2810.852 ; gain = 88.812 ; free physical = 802 ; free virtual = 21444

Starting Cache Timing Information Task
INFO: [Timing 38-35] Done setting XDC timing constraints.
INFO: [Timing 38-2] Deriving generated clocks
Ending Cache Timing Information Task | Checksum: 248849486

Time (s): cpu = 00:00:00.02 ; elapsed = 00:00:00.02 . Memory (MB): peak = 2810.852 ; gain = 0.000 ; free physical = 802 ; free virtual = 21444

Starting Logic Optimization Task

Phase 1 Retarget
INFO: [Opt 31-138] Pushed 0 inverter(s) to 0 load pin(s).
INFO: [Opt 31-49] Retargeted 0 cell(s).
Phase 1 Retarget | Checksum: 248849486

Time (s): cpu = 00:00:00.02 ; elapsed = 00:00:00.02 . Memory (MB): peak = 2929.773 ; gain = 0.000 ; free physical = 641 ; free virtual = 21283
INFO: [Opt 31-389] Phase Retarget created 0 cells and removed 0 cells
INFO: [Opt 31-1021] In phase Retarget, 1 netlist objects are constrained preventing optimization. Please run opt_design with -debug_log to get more detail. 

Phase 2 Constant propagation
INFO: [Opt 31-138] Pushed 0 inverter(s) to 0 load pin(s).
Phase 2 Constant propagation | Checksum: 248849486

Time (s): cpu = 00:00:00.02 ; elapsed = 00:00:00.02 . Memory (MB): peak = 2929.773 ; gain = 0.000 ; free physical = 641 ; free virtual = 21283
INFO: [Opt 31-389] Phase Constant propagation created 0 cells and removed 0 cells

Phase 3 Sweep
Phase 3 Sweep | Checksum: 1da2dfc3d

Time (s): cpu = 00:00:00.02 ; elapsed = 00:00:00.02 . Memory (MB): peak = 2929.773 ; gain = 0.000 ; free physical = 641 ; free virtual = 21283
INFO: [Opt 31-389] Phase Sweep created 0 cells and removed 0 cells

Phase 4 BUFG optimization
Phase 4 BUFG optimization | Checksum: 1da2dfc3d

Time (s): cpu = 00:00:00.02 ; elapsed = 00:00:00.02 . Memory (MB): peak = 2929.773 ; gain = 0.000 ; free physical = 641 ; free virtual = 21283
INFO: [Opt 31-662] Phase BUFG optimization created 0 cells of which 0 are BUFGs and removed 0 cells.

Phase 5 Shift Register Optimization
INFO: [Opt 31-1064] SRL Remap converted 0 SRLs to 0 registers and converted 0 registers of register chains to 0 SRLs
Phase 5 Shift Register Optimization | Checksum: 1da2dfc3d

Time (s): cpu = 00:00:00.02 ; elapsed = 00:00:00.02 . Memory (MB): peak = 2929.773 ; gain = 0.000 ; free physical = 641 ; free virtual = 21283
INFO: [Opt 31-389] Phase Shift Register Optimization created 0 cells and removed 0 cells

Phase 6 Post Processing Netlist
Phase 6 Post Processing Netlist | Checksum: 1da2dfc3d

Time (s): cpu = 00:00:00.02 ; elapsed = 00:00:00.03 . Memory (MB): peak = 2929.773 ; gain = 0.000 ; free physical = 641 ; free virtual = 21283
INFO: [Opt 31-389] Phase Post Processing Netlist created 0 cells and removed 0 cells
Opt_design Change Summary
=========================


-------------------------------------------------------------------------------------------------------------------------
|  Phase                        |  #Cells created  |  #Cells Removed  |  #Constrained objects preventing optimizations  |
-------------------------------------------------------------------------------------------------------------------------
|  Retarget                     |               0  |               0  |                                              1  |
|  Constant propagation         |               0  |               0  |                                              0  |
|  Sweep                        |               0  |               0  |                                              0  |
|  BUFG optimization            |               0  |               0  |                                              0  |
|  Shift Register Optimization  |               0  |               0  |                                              0  |
|  Post Processing Netlist      |               0  |               0  |                                              0  |
-------------------------------------------------------------------------------------------------------------------------



Starting Connectivity Check Task

Time (s): cpu = 00:00:00 ; elapsed = 00:00:00 . Memory (MB): peak = 2929.773 ; gain = 0.000 ; free physical = 641 ; free virtual = 21283
Ending Logic Optimization Task | Checksum: 1c7b28845

Time (s): cpu = 00:00:00.03 ; elapsed = 00:00:00.03 . Memory (MB): peak = 2929.773 ; gain = 0.000 ; free physical = 641 ; free virtual = 21283

Starting Power Optimization Task
INFO: [Pwropt 34-132] Skipping clock gating for clocks with a period < 2.00 ns.
Ending Power Optimization Task | Checksum: 1c7b28845

Time (s): cpu = 00:00:00.01 ; elapsed = 00:00:00.01 . Memory (MB): peak = 2929.773 ; gain = 0.000 ; free physical = 641 ; free virtual = 21283

Starting Final Cleanup Task
Ending Final Cleanup Task | Checksum: 1c7b28845

Time (s): cpu = 00:00:00 ; elapsed = 00:00:00 . Memory (MB): peak = 2929.773 ; gain = 0.000 ; free physical = 641 ; free virtual = 21283

Starting Netlist Obfuscation Task
Netlist sorting complete. Time (s): cpu = 00:00:00 ; elapsed = 00:00:00 . Memory (MB): peak = 2929.773 ; gain = 0.000 ; free physical = 641 ; free virtual = 21283
Ending Netlist Obfuscation Task | Checksum: 1c7b28845

Time (s): cpu = 00:00:00 ; elapsed = 00:00:00 . Memory (MB): peak = 2929.773 ; gain = 0.000 ; free physical = 641 ; free virtual = 21283
INFO: [Common 17-83] Releasing license: Implementation
29 Infos, 0 Warnings, 0 Critical Warnings and 0 Errors encountered.
opt_design completed successfully
INFO: [Timing 38-480] Writing timing data to binary archive.
Writing placer database...
Writing XDEF routing.
Writing XDEF routing logical nets.
Writing XDEF routing special nets.
Write XDEF Complete: Time (s): cpu = 00:00:00.04 ; elapsed = 00:00:00.02 . Memory (MB): peak = 2937.777 ; gain = 0.000 ; free physical = 639 ; free virtual = 21282
INFO: [Common 17-1381] The checkpoint '/home/ayhon/Vivado/VGAProject/lab5/Lab 5.runs/impl_1/vga_controller_top_opt.dcp' has been generated.
INFO: [runtcl-4] Executing : report_drc -file vga_controller_top_drc_opted.rpt -pb vga_controller_top_drc_opted.pb -rpx vga_controller_top_drc_opted.rpx
Command: report_drc -file vga_controller_top_drc_opted.rpt -pb vga_controller_top_drc_opted.pb -rpx vga_controller_top_drc_opted.rpx
INFO: [IP_Flow 19-1839] IP Catalog is up to date.
INFO: [Timing 38-35] Done setting XDC timing constraints.
INFO: [DRC 23-27] Running DRC with 8 threads
INFO: [Coretcl 2-168] The results of DRC are in file /home/ayhon/Vivado/VGAProject/lab5/Lab 5.runs/impl_1/vga_controller_top_drc_opted.rpt.
report_drc completed successfully
Command: place_design
Attempting to get a license for feature 'Implementation' and/or device 'xc7z020'
INFO: [Common 17-349] Got license for feature 'Implementation' and/or device 'xc7z020'
INFO: [DRC 23-27] Running DRC with 8 threads
INFO: [Vivado_Tcl 4-198] DRC finished with 0 Errors
INFO: [Vivado_Tcl 4-199] Please refer to the DRC report (report_drc) for more information.
Running DRC as a precondition to command place_design
INFO: [DRC 23-27] Running DRC with 8 threads
INFO: [Vivado_Tcl 4-198] DRC finished with 0 Errors
INFO: [Vivado_Tcl 4-199] Please refer to the DRC report (report_drc) for more information.

Starting Placer Task
INFO: [Place 30-611] Multithreading enabled for place_design using a maximum of 8 CPUs

Phase 1 Placer Initialization

Phase 1.1 Placer Initialization Netlist Sorting
Netlist sorting complete. Time (s): cpu = 00:00:00 ; elapsed = 00:00:00 . Memory (MB): peak = 3117.773 ; gain = 0.000 ; free physical = 586 ; free virtual = 21228
Phase 1.1 Placer Initialization Netlist Sorting | Checksum: 1a8f81468

Time (s): cpu = 00:00:00 ; elapsed = 00:00:00.02 . Memory (MB): peak = 3117.773 ; gain = 0.000 ; free physical = 586 ; free virtual = 21228
Netlist sorting complete. Time (s): cpu = 00:00:00 ; elapsed = 00:00:00 . Memory (MB): peak = 3117.773 ; gain = 0.000 ; free physical = 586 ; free virtual = 21228

Phase 1.2 IO Placement/ Clock Placement/ Build Placer Device
Phase 1.2 IO Placement/ Clock Placement/ Build Placer Device | Checksum: 16b9ec08a

Time (s): cpu = 00:00:00.29 ; elapsed = 00:00:00.10 . Memory (MB): peak = 3117.773 ; gain = 0.000 ; free physical = 616 ; free virtual = 21258

Phase 1.3 Build Placer Netlist Model
Phase 1.3 Build Placer Netlist Model | Checksum: 21ef74bcd

Time (s): cpu = 00:00:00.52 ; elapsed = 00:00:00.16 . Memory (MB): peak = 3117.773 ; gain = 0.000 ; free physical = 629 ; free virtual = 21271

Phase 1.4 Constrain Clocks/Macros
Phase 1.4 Constrain Clocks/Macros | Checksum: 21ef74bcd

Time (s): cpu = 00:00:00.52 ; elapsed = 00:00:00.16 . Memory (MB): peak = 3117.773 ; gain = 0.000 ; free physical = 629 ; free virtual = 21271
Phase 1 Placer Initialization | Checksum: 21ef74bcd

Time (s): cpu = 00:00:00.53 ; elapsed = 00:00:00.17 . Memory (MB): peak = 3117.773 ; gain = 0.000 ; free physical = 629 ; free virtual = 21271

Phase 2 Global Placement

Phase 2.1 Floorplanning
Phase 2.1 Floorplanning | Checksum: 25008e15b

Time (s): cpu = 00:00:00.67 ; elapsed = 00:00:00.19 . Memory (MB): peak = 3117.773 ; gain = 0.000 ; free physical = 627 ; free virtual = 21269

Phase 2.2 Update Timing before SLR Path Opt
Phase 2.2 Update Timing before SLR Path Opt | Checksum: 1773b364a

Time (s): cpu = 00:00:00.78 ; elapsed = 00:00:00.21 . Memory (MB): peak = 3117.773 ; gain = 0.000 ; free physical = 627 ; free virtual = 21269

Phase 2.3 Global Placement Core

Phase 2.3.1 Physical Synthesis In Placer
INFO: [Physopt 32-1044] Break lutnm for timing: one critical 0, two critical 0, total 0, new lutff created 0
INFO: [Physopt 32-775] End 1 Pass. Optimized 0 net or cell. Created 0 new cell, deleted 0 existing cell and moved 0 existing cell
INFO: [Physopt 32-65] No nets found for high-fanout optimization.
INFO: [Physopt 32-232] Optimized 0 net. Created 0 new instance.
INFO: [Physopt 32-775] End 1 Pass. Optimized 0 net or cell. Created 0 new cell, deleted 0 existing cell and moved 0 existing cell
INFO: [Physopt 32-670] No setup violation found.  DSP Register Optimization was not performed.
INFO: [Physopt 32-670] No setup violation found.  Shift Register to Pipeline Optimization was not performed.
INFO: [Physopt 32-670] No setup violation found.  Shift Register Optimization was not performed.
INFO: [Physopt 32-670] No setup violation found.  BRAM Register Optimization was not performed.
INFO: [Physopt 32-670] No setup violation found.  URAM Register Optimization was not performed.
INFO: [Physopt 32-949] No candidate nets found for dynamic/static region interface net replication
INFO: [Physopt 32-775] End 1 Pass. Optimized 0 net or cell. Created 0 new cell, deleted 0 existing cell and moved 0 existing cell
Netlist sorting complete. Time (s): cpu = 00:00:00 ; elapsed = 00:00:00 . Memory (MB): peak = 3117.773 ; gain = 0.000 ; free physical = 602 ; free virtual = 21244

Summary of Physical Synthesis Optimizations
============================================


-----------------------------------------------------------------------------------------------------------------------------------------------------------
|  Optimization                                     |  Added Cells  |  Removed Cells  |  Optimized Cells/Nets  |  Dont Touch  |  Iterations  |  Elapsed   |
-----------------------------------------------------------------------------------------------------------------------------------------------------------
|  LUT Combining                                    |            0  |              0  |                     0  |           0  |           1  |  00:00:00  |
|  Very High Fanout                                 |            0  |              0  |                     0  |           0  |           1  |  00:00:00  |
|  DSP Register                                     |            0  |              0  |                     0  |           0  |           0  |  00:00:00  |
|  Shift Register to Pipeline                       |            0  |              0  |                     0  |           0  |           0  |  00:00:00  |
|  Shift Register                                   |            0  |              0  |                     0  |           0  |           0  |  00:00:00  |
|  BRAM Register                                    |            0  |              0  |                     0  |           0  |           0  |  00:00:00  |
|  URAM Register                                    |            0  |              0  |                     0  |           0  |           0  |  00:00:00  |
|  Dynamic/Static Region Interface Net Replication  |            0  |              0  |                     0  |           0  |           1  |  00:00:00  |
|  Total                                            |            0  |              0  |                     0  |           0  |           3  |  00:00:00  |
-----------------------------------------------------------------------------------------------------------------------------------------------------------


Phase 2.3.1 Physical Synthesis In Placer | Checksum: 2644ba4cb

Time (s): cpu = 00:00:02 ; elapsed = 00:00:00.75 . Memory (MB): peak = 3117.773 ; gain = 0.000 ; free physical = 602 ; free virtual = 21245
Phase 2.3 Global Placement Core | Checksum: 251b0e903

Time (s): cpu = 00:00:02 ; elapsed = 00:00:00.79 . Memory (MB): peak = 3117.773 ; gain = 0.000 ; free physical = 602 ; free virtual = 21245
Phase 2 Global Placement | Checksum: 251b0e903

Time (s): cpu = 00:00:02 ; elapsed = 00:00:00.79 . Memory (MB): peak = 3117.773 ; gain = 0.000 ; free physical = 602 ; free virtual = 21245

Phase 3 Detail Placement

Phase 3.1 Commit Multi Column Macros
Phase 3.1 Commit Multi Column Macros | Checksum: 22ee3d956

Time (s): cpu = 00:00:03 ; elapsed = 00:00:00.81 . Memory (MB): peak = 3117.773 ; gain = 0.000 ; free physical = 602 ; free virtual = 21244

Phase 3.2 Commit Most Macros & LUTRAMs
Phase 3.2 Commit Most Macros & LUTRAMs | Checksum: 18b527bc0

Time (s): cpu = 00:00:03 ; elapsed = 00:00:00.84 . Memory (MB): peak = 3117.773 ; gain = 0.000 ; free physical = 602 ; free virtual = 21244

Phase 3.3 Area Swap Optimization
Phase 3.3 Area Swap Optimization | Checksum: f465704a

Time (s): cpu = 00:00:03 ; elapsed = 00:00:00.85 . Memory (MB): peak = 3117.773 ; gain = 0.000 ; free physical = 602 ; free virtual = 21244

Phase 3.4 Pipeline Register Optimization
Phase 3.4 Pipeline Register Optimization | Checksum: fbe9732c

Time (s): cpu = 00:00:03 ; elapsed = 00:00:00.85 . Memory (MB): peak = 3117.773 ; gain = 0.000 ; free physical = 602 ; free virtual = 21244

Phase 3.5 Small Shape Detail Placement
Phase 3.5 Small Shape Detail Placement | Checksum: 1c9c05181

Time (s): cpu = 00:00:03 ; elapsed = 00:00:00.99 . Memory (MB): peak = 3117.773 ; gain = 0.000 ; free physical = 596 ; free virtual = 21238

Phase 3.6 Re-assign LUT pins
Phase 3.6 Re-assign LUT pins | Checksum: 153bad4dd

Time (s): cpu = 00:00:03 ; elapsed = 00:00:01 . Memory (MB): peak = 3117.773 ; gain = 0.000 ; free physical = 596 ; free virtual = 21238

Phase 3.7 Pipeline Register Optimization
Phase 3.7 Pipeline Register Optimization | Checksum: 14c1ed1ff

Time (s): cpu = 00:00:03 ; elapsed = 00:00:01 . Memory (MB): peak = 3117.773 ; gain = 0.000 ; free physical = 596 ; free virtual = 21238
Phase 3 Detail Placement | Checksum: 14c1ed1ff

Time (s): cpu = 00:00:03 ; elapsed = 00:00:01 . Memory (MB): peak = 3117.773 ; gain = 0.000 ; free physical = 596 ; free virtual = 21238

Phase 4 Post Placement Optimization and Clean-Up

Phase 4.1 Post Commit Optimization
INFO: [Timing 38-35] Done setting XDC timing constraints.

Phase 4.1.1 Post Placement Optimization
Post Placement Optimization Initialization | Checksum: 910227a2

Phase 4.1.1.1 BUFG Insertion

Starting Physical Synthesis Task

Phase 1 Physical Synthesis Initialization
INFO: [Physopt 32-721] Multithreading enabled for phys_opt_design using a maximum of 8 CPUs
INFO: [Physopt 32-619] Estimated Timing Summary | WNS=7.546 | TNS=0.000 |
Phase 1 Physical Synthesis Initialization | Checksum: 4881ec57

Time (s): cpu = 00:00:00.07 ; elapsed = 00:00:00.01 . Memory (MB): peak = 3117.773 ; gain = 0.000 ; free physical = 598 ; free virtual = 21240
INFO: [Place 46-56] BUFG insertion identified 0 candidate nets. Inserted BUFG: 0, Replicated BUFG Driver: 0, Skipped due to Placement/Routing Conflicts: 0, Skipped due to Timing Degradation: 0, Skipped due to Illegal Netlist: 0.
Ending Physical Synthesis Task | Checksum: 8f154a5d

Time (s): cpu = 00:00:00.07 ; elapsed = 00:00:00.01 . Memory (MB): peak = 3117.773 ; gain = 0.000 ; free physical = 598 ; free virtual = 21240
Phase 4.1.1.1 BUFG Insertion | Checksum: 910227a2

Time (s): cpu = 00:00:04 ; elapsed = 00:00:01 . Memory (MB): peak = 3117.773 ; gain = 0.000 ; free physical = 598 ; free virtual = 21240
INFO: [Place 30-746] Post Placement Timing Summary WNS=7.546. For the most accurate timing information please run report_timing.

Time (s): cpu = 00:00:04 ; elapsed = 00:00:01 . Memory (MB): peak = 3117.773 ; gain = 0.000 ; free physical = 598 ; free virtual = 21240
Phase 4.1 Post Commit Optimization | Checksum: 8922a21e

Time (s): cpu = 00:00:04 ; elapsed = 00:00:01 . Memory (MB): peak = 3117.773 ; gain = 0.000 ; free physical = 598 ; free virtual = 21240

Phase 4.2 Post Placement Cleanup
Phase 4.2 Post Placement Cleanup | Checksum: 8922a21e

Time (s): cpu = 00:00:04 ; elapsed = 00:00:01 . Memory (MB): peak = 3117.773 ; gain = 0.000 ; free physical = 598 ; free virtual = 21240

Phase 4.3 Placer Reporting

Phase 4.3.1 Print Estimated Congestion
INFO: [Place 30-612] Post-Placement Estimated Congestion 
 ____________________________________________________
|           | Global Congestion | Short Congestion  |
| Direction | Region Size       | Region Size       |
|___________|___________________|___________________|
|      North|                1x1|                1x1|
|___________|___________________|___________________|
|      South|                1x1|                1x1|
|___________|___________________|___________________|
|       East|                1x1|                1x1|
|___________|___________________|___________________|
|       West|                1x1|                1x1|
|___________|___________________|___________________|

Phase 4.3.1 Print Estimated Congestion | Checksum: 8922a21e

Time (s): cpu = 00:00:04 ; elapsed = 00:00:01 . Memory (MB): peak = 3117.773 ; gain = 0.000 ; free physical = 598 ; free virtual = 21240
Phase 4.3 Placer Reporting | Checksum: 8922a21e

Time (s): cpu = 00:00:04 ; elapsed = 00:00:01 . Memory (MB): peak = 3117.773 ; gain = 0.000 ; free physical = 598 ; free virtual = 21240

Phase 4.4 Final Placement Cleanup
Netlist sorting complete. Time (s): cpu = 00:00:00 ; elapsed = 00:00:00 . Memory (MB): peak = 3117.773 ; gain = 0.000 ; free physical = 598 ; free virtual = 21240

Time (s): cpu = 00:00:04 ; elapsed = 00:00:01 . Memory (MB): peak = 3117.773 ; gain = 0.000 ; free physical = 598 ; free virtual = 21240
Phase 4 Post Placement Optimization and Clean-Up | Checksum: fd3047b7

Time (s): cpu = 00:00:04 ; elapsed = 00:00:01 . Memory (MB): peak = 3117.773 ; gain = 0.000 ; free physical = 598 ; free virtual = 21240
Ending Placer Task | Checksum: e4687c19

Time (s): cpu = 00:00:04 ; elapsed = 00:00:01 . Memory (MB): peak = 3117.773 ; gain = 0.000 ; free physical = 598 ; free virtual = 21240
INFO: [Common 17-83] Releasing license: Implementation
63 Infos, 0 Warnings, 0 Critical Warnings and 0 Errors encountered.
place_design completed successfully
INFO: [Timing 38-480] Writing timing data to binary archive.
Writing placer database...
Writing XDEF routing.
Writing XDEF routing logical nets.
Writing XDEF routing special nets.
Write XDEF Complete: Time (s): cpu = 00:00:00.08 ; elapsed = 00:00:00.03 . Memory (MB): peak = 3117.773 ; gain = 0.000 ; free physical = 620 ; free virtual = 21263
INFO: [Common 17-1381] The checkpoint '/home/ayhon/Vivado/VGAProject/lab5/Lab 5.runs/impl_1/vga_controller_top_placed.dcp' has been generated.
INFO: [runtcl-4] Executing : report_io -file vga_controller_top_io_placed.rpt
report_io: Time (s): cpu = 00:00:00.06 ; elapsed = 00:00:00.12 . Memory (MB): peak = 3117.773 ; gain = 0.000 ; free physical = 612 ; free virtual = 21255
INFO: [runtcl-4] Executing : report_utilization -file vga_controller_top_utilization_placed.rpt -pb vga_controller_top_utilization_placed.pb
INFO: [runtcl-4] Executing : report_control_sets -verbose -file vga_controller_top_control_sets_placed.rpt
report_control_sets: Time (s): cpu = 00:00:00.01 ; elapsed = 00:00:00.05 . Memory (MB): peak = 3117.773 ; gain = 0.000 ; free physical = 613 ; free virtual = 21255
Command: phys_opt_design
Attempting to get a license for feature 'Implementation' and/or device 'xc7z020'
INFO: [Common 17-349] Got license for feature 'Implementation' and/or device 'xc7z020'
INFO: [Vivado_Tcl 4-383] Design worst setup slack (WNS) is greater than or equal to 0.000 ns. Skipping all physical synthesis optimizations.
INFO: [Vivado_Tcl 4-232] No setup violation found. The netlist was not modified.
INFO: [Common 17-83] Releasing license: Implementation
72 Infos, 0 Warnings, 0 Critical Warnings and 0 Errors encountered.
phys_opt_design completed successfully
INFO: [Timing 38-480] Writing timing data to binary archive.
Writing placer database...
Writing XDEF routing.
Writing XDEF routing logical nets.
Writing XDEF routing special nets.
Write XDEF Complete: Time (s): cpu = 00:00:00.05 ; elapsed = 00:00:00.02 . Memory (MB): peak = 3117.773 ; gain = 0.000 ; free physical = 583 ; free virtual = 21227
INFO: [Common 17-1381] The checkpoint '/home/ayhon/Vivado/VGAProject/lab5/Lab 5.runs/impl_1/vga_controller_top_physopt.dcp' has been generated.
Command: route_design
Attempting to get a license for feature 'Implementation' and/or device 'xc7z020'
INFO: [Common 17-349] Got license for feature 'Implementation' and/or device 'xc7z020'
Running DRC as a precondition to command route_design
INFO: [DRC 23-27] Running DRC with 8 threads
INFO: [Vivado_Tcl 4-198] DRC finished with 0 Errors
INFO: [Vivado_Tcl 4-199] Please refer to the DRC report (report_drc) for more information.


Starting Routing Task
INFO: [Route 35-254] Multithreading enabled for route_design using a maximum of 8 CPUs
Checksum: PlaceDB: 673aaf28 ConstDB: 0 ShapeSum: 7d2dccf1 RouteDB: 0

Phase 1 Build RT Design
Phase 1 Build RT Design | Checksum: 1b7b74eff

Time (s): cpu = 00:00:16 ; elapsed = 00:00:13 . Memory (MB): peak = 3117.773 ; gain = 0.000 ; free physical = 435 ; free virtual = 21079
Post Restoration Checksum: NetGraph: ec9efee9 NumContArr: cb185016 Constraints: 0 Timing: 0

Phase 2 Router Initialization

Phase 2.1 Create Timer
Phase 2.1 Create Timer | Checksum: 1b7b74eff

Time (s): cpu = 00:00:16 ; elapsed = 00:00:13 . Memory (MB): peak = 3117.773 ; gain = 0.000 ; free physical = 438 ; free virtual = 21081

Phase 2.2 Fix Topology Constraints
Phase 2.2 Fix Topology Constraints | Checksum: 1b7b74eff

Time (s): cpu = 00:00:16 ; elapsed = 00:00:13 . Memory (MB): peak = 3117.773 ; gain = 0.000 ; free physical = 404 ; free virtual = 21047

Phase 2.3 Pre Route Cleanup
Phase 2.3 Pre Route Cleanup | Checksum: 1b7b74eff

Time (s): cpu = 00:00:16 ; elapsed = 00:00:13 . Memory (MB): peak = 3117.773 ; gain = 0.000 ; free physical = 404 ; free virtual = 21047
 Number of Nodes with overlaps = 0

Phase 2.4 Update Timing
Phase 2.4 Update Timing | Checksum: 11c32c3d0

Time (s): cpu = 00:00:17 ; elapsed = 00:00:13 . Memory (MB): peak = 3125.656 ; gain = 7.883 ; free physical = 398 ; free virtual = 21041
INFO: [Route 35-416] Intermediate Timing Summary | WNS=7.550  | TNS=0.000  | WHS=-0.182 | THS=-2.653 |

Phase 2 Router Initialization | Checksum: c2a7ab6c

Time (s): cpu = 00:00:17 ; elapsed = 00:00:13 . Memory (MB): peak = 3125.656 ; gain = 7.883 ; free physical = 399 ; free virtual = 21042

Router Utilization Summary
  Global Vertical Routing Utilization    = 0 %
  Global Horizontal Routing Utilization  = 0 %
  Routable Net Status*
  *Does not include unroutable nets such as driverless and loadless.
  Run report_route_status for detailed report.
  Number of Failed Nets               = 109
    (Failed Nets is the sum of unrouted and partially routed nets)
  Number of Unrouted Nets             = 109
  Number of Partially Routed Nets     = 0
  Number of Node Overlaps             = 0


Phase 3 Initial Routing

Phase 3.1 Global Routing
Phase 3.1 Global Routing | Checksum: c2a7ab6c

Time (s): cpu = 00:00:17 ; elapsed = 00:00:13 . Memory (MB): peak = 3131.711 ; gain = 13.938 ; free physical = 397 ; free virtual = 21040
Phase 3 Initial Routing | Checksum: 18d6fa890

Time (s): cpu = 00:00:17 ; elapsed = 00:00:14 . Memory (MB): peak = 3131.711 ; gain = 13.938 ; free physical = 400 ; free virtual = 21043

Phase 4 Rip-up And Reroute

Phase 4.1 Global Iteration 0
 Number of Nodes with overlaps = 8
 Number of Nodes with overlaps = 0
INFO: [Route 35-416] Intermediate Timing Summary | WNS=7.137  | TNS=0.000  | WHS=N/A    | THS=N/A    |

Phase 4.1 Global Iteration 0 | Checksum: 1c7ee7092

Time (s): cpu = 00:00:17 ; elapsed = 00:00:14 . Memory (MB): peak = 3131.711 ; gain = 13.938 ; free physical = 399 ; free virtual = 21043
Phase 4 Rip-up And Reroute | Checksum: 1c7ee7092

Time (s): cpu = 00:00:17 ; elapsed = 00:00:14 . Memory (MB): peak = 3131.711 ; gain = 13.938 ; free physical = 399 ; free virtual = 21043

Phase 5 Delay and Skew Optimization

Phase 5.1 Delay CleanUp

Phase 5.1.1 Update Timing
Phase 5.1.1 Update Timing | Checksum: 18ba9b259

Time (s): cpu = 00:00:17 ; elapsed = 00:00:14 . Memory (MB): peak = 3131.711 ; gain = 13.938 ; free physical = 399 ; free virtual = 21043
INFO: [Route 35-416] Intermediate Timing Summary | WNS=7.292  | TNS=0.000  | WHS=N/A    | THS=N/A    |

Phase 5.1 Delay CleanUp | Checksum: 18ba9b259

Time (s): cpu = 00:00:17 ; elapsed = 00:00:14 . Memory (MB): peak = 3131.711 ; gain = 13.938 ; free physical = 399 ; free virtual = 21043

Phase 5.2 Clock Skew Optimization
Phase 5.2 Clock Skew Optimization | Checksum: 18ba9b259

Time (s): cpu = 00:00:17 ; elapsed = 00:00:14 . Memory (MB): peak = 3131.711 ; gain = 13.938 ; free physical = 399 ; free virtual = 21043
Phase 5 Delay and Skew Optimization | Checksum: 18ba9b259

Time (s): cpu = 00:00:17 ; elapsed = 00:00:14 . Memory (MB): peak = 3131.711 ; gain = 13.938 ; free physical = 399 ; free virtual = 21043

Phase 6 Post Hold Fix

Phase 6.1 Hold Fix Iter

Phase 6.1.1 Update Timing
Phase 6.1.1 Update Timing | Checksum: 14bda23ec

Time (s): cpu = 00:00:17 ; elapsed = 00:00:14 . Memory (MB): peak = 3131.711 ; gain = 13.938 ; free physical = 399 ; free virtual = 21043
INFO: [Route 35-416] Intermediate Timing Summary | WNS=7.292  | TNS=0.000  | WHS=0.134  | THS=0.000  |

Phase 6.1 Hold Fix Iter | Checksum: 1164c6e71

Time (s): cpu = 00:00:17 ; elapsed = 00:00:14 . Memory (MB): peak = 3131.711 ; gain = 13.938 ; free physical = 399 ; free virtual = 21043
Phase 6 Post Hold Fix | Checksum: 1164c6e71

Time (s): cpu = 00:00:17 ; elapsed = 00:00:14 . Memory (MB): peak = 3131.711 ; gain = 13.938 ; free physical = 399 ; free virtual = 21043

Phase 7 Route finalize

Router Utilization Summary
  Global Vertical Routing Utilization    = 0.0193642 %
  Global Horizontal Routing Utilization  = 0.0145368 %
  Routable Net Status*
  *Does not include unroutable nets such as driverless and loadless.
  Run report_route_status for detailed report.
  Number of Failed Nets               = 0
    (Failed Nets is the sum of unrouted and partially routed nets)
  Number of Unrouted Nets             = 0
  Number of Partially Routed Nets     = 0
  Number of Node Overlaps             = 0

Phase 7 Route finalize | Checksum: 137abd4e7

Time (s): cpu = 00:00:17 ; elapsed = 00:00:14 . Memory (MB): peak = 3131.711 ; gain = 13.938 ; free physical = 399 ; free virtual = 21043

Phase 8 Verifying routed nets

 Verification completed successfully
Phase 8 Verifying routed nets | Checksum: 137abd4e7

Time (s): cpu = 00:00:17 ; elapsed = 00:00:14 . Memory (MB): peak = 3131.711 ; gain = 13.938 ; free physical = 398 ; free virtual = 21041

Phase 9 Depositing Routes
Phase 9 Depositing Routes | Checksum: 1e8d9ffd6

Time (s): cpu = 00:00:17 ; elapsed = 00:00:14 . Memory (MB): peak = 3163.727 ; gain = 45.953 ; free physical = 399 ; free virtual = 21042

Phase 10 Post Router Timing
INFO: [Route 35-57] Estimated Timing Summary | WNS=7.292  | TNS=0.000  | WHS=0.134  | THS=0.000  |

INFO: [Route 35-327] The final timing numbers are based on the router estimated timing analysis. For a complete and accurate timing signoff, please run report_timing_summary.
Phase 10 Post Router Timing | Checksum: 1e8d9ffd6

Time (s): cpu = 00:00:18 ; elapsed = 00:00:14 . Memory (MB): peak = 3163.727 ; gain = 45.953 ; free physical = 399 ; free virtual = 21042
INFO: [Route 35-16] Router Completed Successfully

Time (s): cpu = 00:00:18 ; elapsed = 00:00:14 . Memory (MB): peak = 3163.727 ; gain = 45.953 ; free physical = 435 ; free virtual = 21078

Routing Is Done.
INFO: [Common 17-83] Releasing license: Implementation
87 Infos, 0 Warnings, 0 Critical Warnings and 0 Errors encountered.
route_design completed successfully
route_design: Time (s): cpu = 00:00:19 ; elapsed = 00:00:14 . Memory (MB): peak = 3163.727 ; gain = 45.953 ; free physical = 435 ; free virtual = 21078
INFO: [Timing 38-480] Writing timing data to binary archive.
Writing placer database...
Writing XDEF routing.
Writing XDEF routing logical nets.
Writing XDEF routing special nets.
Write XDEF Complete: Time (s): cpu = 00:00:00.05 ; elapsed = 00:00:00.02 . Memory (MB): peak = 3163.727 ; gain = 0.000 ; free physical = 434 ; free virtual = 21079
INFO: [Common 17-1381] The checkpoint '/home/ayhon/Vivado/VGAProject/lab5/Lab 5.runs/impl_1/vga_controller_top_routed.dcp' has been generated.
INFO: [runtcl-4] Executing : report_drc -file vga_controller_top_drc_routed.rpt -pb vga_controller_top_drc_routed.pb -rpx vga_controller_top_drc_routed.rpx
Command: report_drc -file vga_controller_top_drc_routed.rpt -pb vga_controller_top_drc_routed.pb -rpx vga_controller_top_drc_routed.rpx
INFO: [IP_Flow 19-1839] IP Catalog is up to date.
INFO: [DRC 23-27] Running DRC with 8 threads
INFO: [Coretcl 2-168] The results of DRC are in file /home/ayhon/Vivado/VGAProject/lab5/Lab 5.runs/impl_1/vga_controller_top_drc_routed.rpt.
report_drc completed successfully
INFO: [runtcl-4] Executing : report_methodology -file vga_controller_top_methodology_drc_routed.rpt -pb vga_controller_top_methodology_drc_routed.pb -rpx vga_controller_top_methodology_drc_routed.rpx
Command: report_methodology -file vga_controller_top_methodology_drc_routed.rpt -pb vga_controller_top_methodology_drc_routed.pb -rpx vga_controller_top_methodology_drc_routed.rpx
INFO: [Timing 38-35] Done setting XDC timing constraints.
INFO: [DRC 23-133] Running Methodology with 8 threads
INFO: [Coretcl 2-1520] The results of Report Methodology are in file /home/ayhon/Vivado/VGAProject/lab5/Lab 5.runs/impl_1/vga_controller_top_methodology_drc_routed.rpt.
report_methodology completed successfully
INFO: [runtcl-4] Executing : report_power -file vga_controller_top_power_routed.rpt -pb vga_controller_top_power_summary_routed.pb -rpx vga_controller_top_power_routed.rpx
Command: report_power -file vga_controller_top_power_routed.rpt -pb vga_controller_top_power_summary_routed.pb -rpx vga_controller_top_power_routed.rpx
INFO: [Timing 38-35] Done setting XDC timing constraints.
Running Vector-less Activity Propagation...

Finished Running Vector-less Activity Propagation
99 Infos, 0 Warnings, 0 Critical Warnings and 0 Errors encountered.
report_power completed successfully
INFO: [runtcl-4] Executing : report_route_status -file vga_controller_top_route_status.rpt -pb vga_controller_top_route_status.pb
INFO: [runtcl-4] Executing : report_timing_summary -max_paths 10 -file vga_controller_top_timing_summary_routed.rpt -pb vga_controller_top_timing_summary_routed.pb -rpx vga_controller_top_timing_summary_routed.rpx -warn_on_violation 
INFO: [Timing 38-91] UpdateTimingParams: Speed grade: -1, Delay Type: min_max.
INFO: [Timing 38-191] Multithreading enabled for timing update using a maximum of 8 CPUs
INFO: [runtcl-4] Executing : report_incremental_reuse -file vga_controller_top_incremental_reuse_routed.rpt
INFO: [Vivado_Tcl 4-1062] Incremental flow is disabled. No incremental reuse Info to report.
INFO: [runtcl-4] Executing : report_clock_utilization -file vga_controller_top_clock_utilization_routed.rpt
INFO: [runtcl-4] Executing : report_bus_skew -warn_on_violation -file vga_controller_top_bus_skew_routed.rpt -pb vga_controller_top_bus_skew_routed.pb -rpx vga_controller_top_bus_skew_routed.rpx
INFO: [Timing 38-91] UpdateTimingParams: Speed grade: -1, Delay Type: min_max.
INFO: [Timing 38-191] Multithreading enabled for timing update using a maximum of 8 CPUs
Command: write_bitstream -force vga_controller_top.bit
Attempting to get a license for feature 'Implementation' and/or device 'xc7z020'
INFO: [Common 17-349] Got license for feature 'Implementation' and/or device 'xc7z020'
Running DRC as a precondition to command write_bitstream
INFO: [IP_Flow 19-1839] IP Catalog is up to date.
INFO: [DRC 23-27] Running DRC with 8 threads
WARNING: [DRC ZPS7-1] PS7 block required: The PS7 cell must be used in this Zynq design in order to enable correct default configuration.
INFO: [Vivado 12-3199] DRC finished with 0 Errors, 1 Warnings
INFO: [Vivado 12-3200] Please refer to the DRC report (report_drc) for more information.
INFO: [Designutils 20-2272] Running write_bitstream with 8 threads.
Loading data files...
Loading site data...
Loading route data...
Processing options...
Creating bitmap...
Creating bitstream...
Writing bitstream ./vga_controller_top.bit...
INFO: [Vivado 12-1842] Bitgen Completed Successfully.
INFO: [Project 1-120] WebTalk data collection is mandatory when using a WebPACK part without a full Vivado license. To see the specific WebTalk data collected for your design, open the usage_statistics_webtalk.html or usage_statistics_webtalk.xml file in the implementation directory.
INFO: [Common 17-186] '/home/ayhon/Vivado/VGAProject/lab5/Lab 5.runs/impl_1/usage_statistics_webtalk.xml' has been successfully sent to Xilinx on Thu Dec 16 16:47:43 2021. For additional details about this file, please refer to the WebTalk help file at /opt/tools/Xilinx/Vivado/2020.2/doc/webtalk_introduction.html.
INFO: [Common 17-83] Releasing license: Implementation
13 Infos, 1 Warnings, 0 Critical Warnings and 0 Errors encountered.
write_bitstream completed successfully
write_bitstream: Time (s): cpu = 00:00:11 ; elapsed = 00:00:21 . Memory (MB): peak = 3489.020 ; gain = 209.766 ; free physical = 491 ; free virtual = 21129
INFO: [Common 17-206] Exiting Vivado at Thu Dec 16 16:47:43 2021...
