
*** Running vivado
    with args -log vga_controller_top.vds -m64 -product Vivado -mode batch -messageDb vivado.pb -notrace -source vga_controller_top.tcl


****** Vivado v2020.2 (64-bit)
  **** SW Build 3064766 on Wed Nov 18 09:12:47 MST 2020
  **** IP Build 3064653 on Wed Nov 18 14:17:31 MST 2020
    ** Copyright 1986-2020 Xilinx, Inc. All Rights Reserved.

source vga_controller_top.tcl -notrace
Command: synth_design -top vga_controller_top -part xc7z020clg400-1
Starting synth_design
Attempting to get a license for feature 'Synthesis' and/or device 'xc7z020'
INFO: [Common 17-349] Got license for feature 'Synthesis' and/or device 'xc7z020'
INFO: [Device 21-403] Loading part xc7z020clg400-1
INFO: [Synth 8-7079] Multithreading enabled for synth_design using a maximum of 4 processes.
INFO: [Synth 8-7078] Launching helper process for spawning children vivado processes
INFO: [Synth 8-7075] Helper process launched with PID 21849
---------------------------------------------------------------------------------
Starting RTL Elaboration : Time (s): cpu = 00:00:03 ; elapsed = 00:00:04 . Memory (MB): peak = 2514.336 ; gain = 0.000 ; free physical = 149 ; free virtual = 20152
---------------------------------------------------------------------------------
INFO: [Synth 8-638] synthesizing module 'vga_controller_top' [/home/ayhon/Vivado/VGAProject/lab5/src/vga_controller_top.vhdl:43]
INFO: [Synth 8-3491] module 'clk_wiz_0' declared at '/home/ayhon/Vivado/VGAProject/lab5/Lab 5.runs/synth_1/.Xil/Vivado-21776-slab/realtime/clk_wiz_0_stub.v:5' bound to instance 'i_clk_wiz_0' of component 'clk_wiz_0' [/home/ayhon/Vivado/VGAProject/lab5/src/vga_controller_top.vhdl:106]
INFO: [Synth 8-6157] synthesizing module 'clk_wiz_0' [/home/ayhon/Vivado/VGAProject/lab5/Lab 5.runs/synth_1/.Xil/Vivado-21776-slab/realtime/clk_wiz_0_stub.v:5]
INFO: [Synth 8-6155] done synthesizing module 'clk_wiz_0' (1#1) [/home/ayhon/Vivado/VGAProject/lab5/Lab 5.runs/synth_1/.Xil/Vivado-21776-slab/realtime/clk_wiz_0_stub.v:5]
INFO: [Synth 8-3491] module 'vga_controller' declared at '/home/ayhon/Vivado/VGAProject/lab5/src/vga_controller.vhdl:24' bound to instance 'i_vga_controller' of component 'vga_controller' [/home/ayhon/Vivado/VGAProject/lab5/src/vga_controller_top.vhdl:114]
INFO: [Synth 8-638] synthesizing module 'vga_controller' [/home/ayhon/Vivado/VGAProject/lab5/src/vga_controller.vhdl:52]
	Parameter BW bound to: 12 - type: integer 
	Parameter TOP bound to: 1024 - type: integer 
	Parameter FRONT_PORCH bound to: 24 - type: integer 
	Parameter PULSE bound to: 136 - type: integer 
	Parameter BACK_PORCH bound to: 144 - type: integer 
	Parameter POLARITY bound to: 1'b0 
INFO: [Synth 8-3491] module 'vga_controller_updater' declared at '/home/ayhon/Vivado/VGAProject/lab5/src/vga_controller_updater.vhdl:10' bound to instance 'PixelUpdater' of component 'vga_controller_updater' [/home/ayhon/Vivado/VGAProject/lab5/src/vga_controller.vhdl:121]
INFO: [Synth 8-638] synthesizing module 'vga_controller_updater' [/home/ayhon/Vivado/VGAProject/lab5/src/vga_controller_updater.vhdl:34]
	Parameter BW bound to: 12 - type: integer 
	Parameter TOP bound to: 1024 - type: integer 
	Parameter FRONT_PORCH bound to: 24 - type: integer 
	Parameter PULSE bound to: 136 - type: integer 
	Parameter BACK_PORCH bound to: 144 - type: integer 
	Parameter POLARITY bound to: 1'b0 
INFO: [Synth 8-256] done synthesizing module 'vga_controller_updater' (2#1) [/home/ayhon/Vivado/VGAProject/lab5/src/vga_controller_updater.vhdl:34]
	Parameter BW bound to: 12 - type: integer 
	Parameter TOP bound to: 768 - type: integer 
	Parameter FRONT_PORCH bound to: 3 - type: integer 
	Parameter PULSE bound to: 6 - type: integer 
	Parameter BACK_PORCH bound to: 29 - type: integer 
	Parameter POLARITY bound to: 1'b0 
INFO: [Synth 8-3491] module 'vga_controller_updater' declared at '/home/ayhon/Vivado/VGAProject/lab5/src/vga_controller_updater.vhdl:10' bound to instance 'LineUpdater' of component 'vga_controller_updater' [/home/ayhon/Vivado/VGAProject/lab5/src/vga_controller.vhdl:143]
INFO: [Synth 8-638] synthesizing module 'vga_controller_updater__parameterized1' [/home/ayhon/Vivado/VGAProject/lab5/src/vga_controller_updater.vhdl:34]
	Parameter BW bound to: 12 - type: integer 
	Parameter TOP bound to: 768 - type: integer 
	Parameter FRONT_PORCH bound to: 3 - type: integer 
	Parameter PULSE bound to: 6 - type: integer 
	Parameter BACK_PORCH bound to: 29 - type: integer 
	Parameter POLARITY bound to: 1'b0 
INFO: [Synth 8-256] done synthesizing module 'vga_controller_updater__parameterized1' (2#1) [/home/ayhon/Vivado/VGAProject/lab5/src/vga_controller_updater.vhdl:34]
INFO: [Synth 8-256] done synthesizing module 'vga_controller' (3#1) [/home/ayhon/Vivado/VGAProject/lab5/src/vga_controller.vhdl:52]
INFO: [Synth 8-256] done synthesizing module 'vga_controller_top' (4#1) [/home/ayhon/Vivado/VGAProject/lab5/src/vga_controller_top.vhdl:43]
---------------------------------------------------------------------------------
Finished RTL Elaboration : Time (s): cpu = 00:00:04 ; elapsed = 00:00:05 . Memory (MB): peak = 2514.336 ; gain = 0.000 ; free physical = 936 ; free virtual = 20896
---------------------------------------------------------------------------------
---------------------------------------------------------------------------------
Start Handling Custom Attributes
---------------------------------------------------------------------------------
---------------------------------------------------------------------------------
Finished Handling Custom Attributes : Time (s): cpu = 00:00:04 ; elapsed = 00:00:05 . Memory (MB): peak = 2514.336 ; gain = 0.000 ; free physical = 961 ; free virtual = 20922
---------------------------------------------------------------------------------
---------------------------------------------------------------------------------
Finished RTL Optimization Phase 1 : Time (s): cpu = 00:00:04 ; elapsed = 00:00:05 . Memory (MB): peak = 2514.336 ; gain = 0.000 ; free physical = 960 ; free virtual = 20921
---------------------------------------------------------------------------------
Netlist sorting complete. Time (s): cpu = 00:00:00 ; elapsed = 00:00:00 . Memory (MB): peak = 2514.336 ; gain = 0.000 ; free physical = 954 ; free virtual = 20916
INFO: [Project 1-570] Preparing netlist for logic optimization

Processing XDC Constraints
Initializing timing engine
Parsing XDC File [/home/ayhon/Vivado/VGAProject/lab5/Lab 5.gen/sources_1/ip/clk_wiz_0/clk_wiz_0/clk_wiz_0_in_context.xdc] for cell 'i_clk_wiz_0'
Finished Parsing XDC File [/home/ayhon/Vivado/VGAProject/lab5/Lab 5.gen/sources_1/ip/clk_wiz_0/clk_wiz_0/clk_wiz_0_in_context.xdc] for cell 'i_clk_wiz_0'
Parsing XDC File [/home/ayhon/Vivado/VGAProject/lab5/constr/PYNQ-Z2_v1.0.xdc]
Finished Parsing XDC File [/home/ayhon/Vivado/VGAProject/lab5/constr/PYNQ-Z2_v1.0.xdc]
INFO: [Project 1-236] Implementation specific constraints were found while reading constraint file [/home/ayhon/Vivado/VGAProject/lab5/constr/PYNQ-Z2_v1.0.xdc]. These constraints will be ignored for synthesis but will be used in implementation. Impacted constraints are listed in the file [.Xil/vga_controller_top_propImpl.xdc].
Resolution: To avoid this warning, move constraints listed in [.Xil/vga_controller_top_propImpl.xdc] to another XDC file and exclude this new file from synthesis with the used_in_synthesis property (File Properties dialog in GUI) and re-run elaboration/synthesis.
Completed Processing XDC Constraints

Netlist sorting complete. Time (s): cpu = 00:00:00 ; elapsed = 00:00:00 . Memory (MB): peak = 2578.262 ; gain = 0.000 ; free physical = 827 ; free virtual = 20802
INFO: [Project 1-111] Unisim Transformation Summary:
No Unisim elements were transformed.

Constraint Validation Runtime : Time (s): cpu = 00:00:00 ; elapsed = 00:00:00 . Memory (MB): peak = 2578.262 ; gain = 0.000 ; free physical = 827 ; free virtual = 20802
---------------------------------------------------------------------------------
Finished Constraint Validation : Time (s): cpu = 00:00:09 ; elapsed = 00:00:11 . Memory (MB): peak = 2578.262 ; gain = 63.926 ; free physical = 864 ; free virtual = 20875
---------------------------------------------------------------------------------
---------------------------------------------------------------------------------
Start Loading Part and Timing Information
---------------------------------------------------------------------------------
Loading part: xc7z020clg400-1
---------------------------------------------------------------------------------
Finished Loading Part and Timing Information : Time (s): cpu = 00:00:09 ; elapsed = 00:00:11 . Memory (MB): peak = 2578.262 ; gain = 63.926 ; free physical = 864 ; free virtual = 20875
---------------------------------------------------------------------------------
---------------------------------------------------------------------------------
Start Applying 'set_property' XDC Constraints
---------------------------------------------------------------------------------
Applied set_property IO_BUFFER_TYPE = NONE for CLK125xCI. (constraint file  {/home/ayhon/Vivado/VGAProject/lab5/Lab 5.gen/sources_1/ip/clk_wiz_0/clk_wiz_0/clk_wiz_0_in_context.xdc}, line 3).
Applied set_property CLOCK_BUFFER_TYPE = NONE for CLK125xCI. (constraint file  {/home/ayhon/Vivado/VGAProject/lab5/Lab 5.gen/sources_1/ip/clk_wiz_0/clk_wiz_0/clk_wiz_0_in_context.xdc}, line 4).
Applied set_property KEEP_HIERARCHY = SOFT for i_clk_wiz_0. (constraint file  auto generated constraint).
---------------------------------------------------------------------------------
Finished applying 'set_property' XDC Constraints : Time (s): cpu = 00:00:09 ; elapsed = 00:00:11 . Memory (MB): peak = 2578.262 ; gain = 63.926 ; free physical = 864 ; free virtual = 20875
---------------------------------------------------------------------------------
---------------------------------------------------------------------------------
Finished RTL Optimization Phase 2 : Time (s): cpu = 00:00:10 ; elapsed = 00:00:11 . Memory (MB): peak = 2578.262 ; gain = 63.926 ; free physical = 862 ; free virtual = 20874
---------------------------------------------------------------------------------
---------------------------------------------------------------------------------
Start RTL Component Statistics 
---------------------------------------------------------------------------------
Detailed RTL Component Info : 
+---Adders : 
	   2 Input   12 Bit       Adders := 2     
+---Registers : 
	               12 Bit    Registers := 2     
	                4 Bit    Registers := 3     
	                1 Bit    Registers := 2     
+---Muxes : 
	   2 Input   12 Bit        Muxes := 4     
	   2 Input    4 Bit        Muxes := 3     
---------------------------------------------------------------------------------
Finished RTL Component Statistics 
---------------------------------------------------------------------------------
---------------------------------------------------------------------------------
Start Part Resource Summary
---------------------------------------------------------------------------------
Part Resources:
DSPs: 220 (col length:60)
BRAMs: 280 (col length: RAMB18 60 RAMB36 30)
---------------------------------------------------------------------------------
Finished Part Resource Summary
---------------------------------------------------------------------------------
---------------------------------------------------------------------------------
Start Cross Boundary and Area Optimization
---------------------------------------------------------------------------------
---------------------------------------------------------------------------------
Finished Cross Boundary and Area Optimization : Time (s): cpu = 00:00:10 ; elapsed = 00:00:12 . Memory (MB): peak = 2578.262 ; gain = 63.926 ; free physical = 846 ; free virtual = 20864
---------------------------------------------------------------------------------
---------------------------------------------------------------------------------
Start Applying XDC Timing Constraints
---------------------------------------------------------------------------------
---------------------------------------------------------------------------------
Finished Applying XDC Timing Constraints : Time (s): cpu = 00:00:15 ; elapsed = 00:00:17 . Memory (MB): peak = 2578.262 ; gain = 63.926 ; free physical = 704 ; free virtual = 20726
---------------------------------------------------------------------------------
---------------------------------------------------------------------------------
Start Timing Optimization
---------------------------------------------------------------------------------
---------------------------------------------------------------------------------
Finished Timing Optimization : Time (s): cpu = 00:00:15 ; elapsed = 00:00:17 . Memory (MB): peak = 2578.262 ; gain = 63.926 ; free physical = 702 ; free virtual = 20723
---------------------------------------------------------------------------------
---------------------------------------------------------------------------------
Start Technology Mapping
---------------------------------------------------------------------------------
---------------------------------------------------------------------------------
Finished Technology Mapping : Time (s): cpu = 00:00:15 ; elapsed = 00:00:17 . Memory (MB): peak = 2578.262 ; gain = 63.926 ; free physical = 695 ; free virtual = 20717
---------------------------------------------------------------------------------
---------------------------------------------------------------------------------
Start IO Insertion
---------------------------------------------------------------------------------
---------------------------------------------------------------------------------
Start Flattening Before IO Insertion
---------------------------------------------------------------------------------
---------------------------------------------------------------------------------
Finished Flattening Before IO Insertion
---------------------------------------------------------------------------------
---------------------------------------------------------------------------------
Start Final Netlist Cleanup
---------------------------------------------------------------------------------
---------------------------------------------------------------------------------
Finished Final Netlist Cleanup
---------------------------------------------------------------------------------
---------------------------------------------------------------------------------
Finished IO Insertion : Time (s): cpu = 00:00:18 ; elapsed = 00:00:20 . Memory (MB): peak = 2578.262 ; gain = 63.926 ; free physical = 695 ; free virtual = 20717
---------------------------------------------------------------------------------
---------------------------------------------------------------------------------
Start Renaming Generated Instances
---------------------------------------------------------------------------------
---------------------------------------------------------------------------------
Finished Renaming Generated Instances : Time (s): cpu = 00:00:18 ; elapsed = 00:00:20 . Memory (MB): peak = 2578.262 ; gain = 63.926 ; free physical = 695 ; free virtual = 20717
---------------------------------------------------------------------------------
---------------------------------------------------------------------------------
Start Rebuilding User Hierarchy
---------------------------------------------------------------------------------
---------------------------------------------------------------------------------
Finished Rebuilding User Hierarchy : Time (s): cpu = 00:00:18 ; elapsed = 00:00:20 . Memory (MB): peak = 2578.262 ; gain = 63.926 ; free physical = 695 ; free virtual = 20717
---------------------------------------------------------------------------------
---------------------------------------------------------------------------------
Start Renaming Generated Ports
---------------------------------------------------------------------------------
---------------------------------------------------------------------------------
Finished Renaming Generated Ports : Time (s): cpu = 00:00:18 ; elapsed = 00:00:20 . Memory (MB): peak = 2578.262 ; gain = 63.926 ; free physical = 695 ; free virtual = 20717
---------------------------------------------------------------------------------
---------------------------------------------------------------------------------
Start Handling Custom Attributes
---------------------------------------------------------------------------------
---------------------------------------------------------------------------------
Finished Handling Custom Attributes : Time (s): cpu = 00:00:18 ; elapsed = 00:00:20 . Memory (MB): peak = 2578.262 ; gain = 63.926 ; free physical = 695 ; free virtual = 20717
---------------------------------------------------------------------------------
---------------------------------------------------------------------------------
Start Renaming Generated Nets
---------------------------------------------------------------------------------
---------------------------------------------------------------------------------
Finished Renaming Generated Nets : Time (s): cpu = 00:00:18 ; elapsed = 00:00:20 . Memory (MB): peak = 2578.262 ; gain = 63.926 ; free physical = 695 ; free virtual = 20717
---------------------------------------------------------------------------------
---------------------------------------------------------------------------------
Start Writing Synthesis Report
---------------------------------------------------------------------------------

Report BlackBoxes: 
+------+--------------+----------+
|      |BlackBox name |Instances |
+------+--------------+----------+
|1     |clk_wiz_0     |         1|
+------+--------------+----------+

Report Cell Usage: 
+------+--------+------+
|      |Cell    |Count |
+------+--------+------+
|1     |clk_wiz |     1|
|2     |CARRY4  |     9|
|3     |LUT1    |     2|
|4     |LUT2    |    14|
|5     |LUT3    |     7|
|6     |LUT4    |     1|
|7     |LUT5    |     8|
|8     |LUT6    |    14|
|9     |FDCE    |    25|
|10    |FDPE    |     2|
|11    |IBUF    |     1|
|12    |OBUF    |    14|
+------+--------+------+
---------------------------------------------------------------------------------
Finished Writing Synthesis Report : Time (s): cpu = 00:00:18 ; elapsed = 00:00:20 . Memory (MB): peak = 2578.262 ; gain = 63.926 ; free physical = 695 ; free virtual = 20717
---------------------------------------------------------------------------------
Synthesis finished with 0 errors, 0 critical warnings and 0 warnings.
Synthesis Optimization Runtime : Time (s): cpu = 00:00:16 ; elapsed = 00:00:18 . Memory (MB): peak = 2578.262 ; gain = 0.000 ; free physical = 758 ; free virtual = 20780
Synthesis Optimization Complete : Time (s): cpu = 00:00:18 ; elapsed = 00:00:20 . Memory (MB): peak = 2578.262 ; gain = 63.926 ; free physical = 758 ; free virtual = 20780
INFO: [Project 1-571] Translating synthesized netlist
Netlist sorting complete. Time (s): cpu = 00:00:00 ; elapsed = 00:00:00 . Memory (MB): peak = 2578.262 ; gain = 0.000 ; free physical = 830 ; free virtual = 20852
INFO: [Netlist 29-17] Analyzing 9 Unisim elements for replacement
INFO: [Netlist 29-28] Unisim Transformation completed in 0 CPU seconds
INFO: [Project 1-570] Preparing netlist for logic optimization
INFO: [Opt 31-138] Pushed 0 inverter(s) to 0 load pin(s).
Netlist sorting complete. Time (s): cpu = 00:00:00 ; elapsed = 00:00:00 . Memory (MB): peak = 2578.262 ; gain = 0.000 ; free physical = 768 ; free virtual = 20809
INFO: [Project 1-111] Unisim Transformation Summary:
No Unisim elements were transformed.

INFO: [Common 17-83] Releasing license: Synthesis
29 Infos, 0 Warnings, 0 Critical Warnings and 0 Errors encountered.
synth_design completed successfully
synth_design: Time (s): cpu = 00:00:27 ; elapsed = 00:00:25 . Memory (MB): peak = 2578.262 ; gain = 70.969 ; free physical = 915 ; free virtual = 20957
INFO: [Common 17-1381] The checkpoint '/home/ayhon/Vivado/VGAProject/lab5/Lab 5.runs/synth_1/vga_controller_top.dcp' has been generated.
INFO: [runtcl-4] Executing : report_utilization -file vga_controller_top_utilization_synth.rpt -pb vga_controller_top_utilization_synth.pb
INFO: [Common 17-206] Exiting Vivado at Wed Dec 15 09:20:59 2021...
